2016-06-12 11:46:59 Error: [MissingControllerException] Controller class WebrootController could not be found.
Exception Attributes: array (
  'class' => 'WebrootController',
  'plugin' => NULL,
)
Request URL: /cakephp/webroot
Stack Trace:
#0 /vagrant/webroot/cakephp/app/webroot/index.php(111): Dispatcher->dispatch(Object(CakeRequest), Object(CakeResponse))
#1 {main}
2016-06-13 00:57:18 Error: [MissingActionException] Action UsersController::index() could not be found.
Exception Attributes: array (
  'controller' => 'UsersController',
  'action' => 'index',
)
Request URL: /users
Stack Trace:
#0 /vagrant/webroot/cakephp/lib/Cake/Routing/Dispatcher.php(193): Controller->invokeAction(Object(CakeRequest))
#1 /vagrant/webroot/cakephp/lib/Cake/Routing/Dispatcher.php(167): Dispatcher->_invoke(Object(UsersController), Object(CakeRequest))
#2 /vagrant/webroot/cakephp/app/webroot/index.php(111): Dispatcher->dispatch(Object(CakeRequest), Object(CakeResponse))
#3 {main}
2016-06-13 00:57:29 Error: [MissingControllerException] Controller class LectureController could not be found.
Exception Attributes: array (
  'class' => 'LectureController',
  'plugin' => NULL,
)
Request URL: /lecture
Stack Trace:
#0 /vagrant/webroot/cakephp/app/webroot/index.php(111): Dispatcher->dispatch(Object(CakeRequest), Object(CakeResponse))
#1 {main}
2016-06-13 00:57:39 Error: [MissingViewException] View file "Lectures/index.ctp" is missing.
Exception Attributes: array (
  'file' => 'Lectures/index.ctp',
)
Request URL: /lectures
Stack Trace:
#0 /vagrant/webroot/cakephp/lib/Cake/View/View.php(470): View->_getViewFileName(NULL)
#1 /vagrant/webroot/cakephp/lib/Cake/Controller/Controller.php(960): View->render(NULL, NULL)
#2 /vagrant/webroot/cakephp/lib/Cake/Routing/Dispatcher.php(200): Controller->render()
#3 /vagrant/webroot/cakephp/lib/Cake/Routing/Dispatcher.php(167): Dispatcher->_invoke(Object(LecturesController), Object(CakeRequest))
#4 /vagrant/webroot/cakephp/app/webroot/index.php(111): Dispatcher->dispatch(Object(CakeRequest), Object(CakeResponse))
#5 {main}
2016-06-13 01:03:58 Error: [MissingViewException] View file "Index/index.ctp" is missing.
Exception Attributes: array (
  'file' => 'Index/index.ctp',
)
Request URL: /
Stack Trace:
#0 /vagrant/webroot/cakephp/lib/Cake/View/View.php(470): View->_getViewFileName(NULL)
#1 /vagrant/webroot/cakephp/lib/Cake/Controller/Controller.php(960): View->render(NULL, NULL)
#2 /vagrant/webroot/cakephp/lib/Cake/Routing/Dispatcher.php(200): Controller->render()
#3 /vagrant/webroot/cakephp/lib/Cake/Routing/Dispatcher.php(167): Dispatcher->_invoke(Object(IndexController), Object(CakeRequest))
#4 /vagrant/webroot/cakephp/app/webroot/index.php(111): Dispatcher->dispatch(Object(CakeRequest), Object(CakeResponse))
#5 {main}
2016-06-13 01:29:19 Error: [MissingControllerException] Controller class CssController could not be found.
Exception Attributes: array (
  'class' => 'CssController',
  'plugin' => NULL,
)
Request URL: /css/common.css
Stack Trace:
#0 /vagrant/webroot/cakephp/app/webroot/index.php(111): Dispatcher->dispatch(Object(CakeRequest), Object(CakeResponse))
#1 {main}
